<?xml version="1.0" encoding="UTF-8"?>
<!-- Generated by org.testng.reporters.JUnitXMLReporter -->
<testsuite ignored="0" hostname="DESKTOP-DET66HP" failures="0" tests="2" name="Error Validations Test" time="22.096" errors="0" timestamp="2026-05-25T22:37:59 IST">
  <testcase classname="rahulshettyacademy.tests.ErrorValidationsTest" name="LoginErrorValidation" time="5.418"/>
  <testcase classname="rahulshettyacademy.tests.ErrorValidationsTest" name="ProductErrorValidation" time="4.701"/>
</testsuite> <!-- Error Validations Test -->
