<?xml version="1.0" encoding="UTF-8"?>
<!-- Generated by org.testng.reporters.JUnitReportReporter -->
<testsuite hostname="DESKTOP-DET66HP" failures="0" tests="2" name="rahulshettyacademy.tests.SubmitOrderTest" time="29.392" errors="0" timestamp="2026-05-25T22:38:06 IST" skipped="0">
  <testcase classname="rahulshettyacademy.tests.SubmitOrderTest" name="submitOrder" time="15.064"/>
  <testcase classname="rahulshettyacademy.tests.SubmitOrderTest" name="submitOrder" time="14.328"/>
</testsuite> <!-- rahulshettyacademy.tests.SubmitOrderTest -->
