<?xml version="1.0" encoding="UTF-8"?>
<!-- Generated by org.testng.reporters.JUnitReportReporter -->
<testsuite hostname="DESKTOP-DET66HP" failures="0" tests="2" name="rahulshettyacademy.tests.ErrorValidationsTest" time="21.983" errors="0" timestamp="2026-05-25T22:38:06 IST" skipped="0">
  <testcase classname="rahulshettyacademy.tests.ErrorValidationsTest" name="LoginErrorValidation" time="12.330"/>
  <testcase classname="rahulshettyacademy.tests.ErrorValidationsTest" name="ProductErrorValidation" time="9.653"/>
</testsuite> <!-- rahulshettyacademy.tests.ErrorValidationsTest -->
